<?xml version="1.0" encoding="UTF-8"?>
<!-- Generated by org.testng.reporters.JUnitReportReporter -->
<testsuite hostname="DESKTOP-2GD8KKD" failures="0" tests="1" name="Tscript.TC001" time="29.766" errors="0" timestamp="19 Apr 2024 12:13:29 GMT">
  <testcase classname="Tscript.TC001" name="Testng" time="29.766"/>
</testsuite> <!-- Tscript.TC001 -->
